#
# An unexpected error has been detected by Java Runtime Environment:
#
# java.lang.OutOfMemoryError: requested 32756 bytes for ChunkPool::allocate. Out of swap space?
#
#  Internal Error (414C4C4F434154494F4E0E4350500065), pid=4740, tid=4260
#
# Java VM: Java HotSpot(TM) Client VM (1.6.0_01-b06 mixed mode)
# If you would like to submit a bug report, please visit:
#   http://java.sun.com/webapps/bugreport/crash.jsp
#

---------------  T H R E A D  ---------------

Current thread (0x02b62c00):  JavaThread "CompilerThread0" daemon [_thread_in_native, id=4260]

Stack: [0x02d60000,0x02db0000)
[error occurred during error reporting, step 110, id 0xc0000005]


Current CompileTask:
C1:  8  !   sun.nio.cs.SingleByteDecoder.decodeArrayLoop(Ljava/nio/ByteBuffer;Ljava/nio/CharBuffer;)Ljava/nio/charset/CoderResult; (308 bytes)


---------------  P R O C E S S  ---------------

Java Threads: ( => current thread )
  0x02b68800 JavaThread "Low Memory Detector" daemon [_thread_blocked, id=4044]
=>0x02b62c00 JavaThread "CompilerThread0" daemon [_thread_in_native, id=4260]
  0x02b76000 JavaThread "Attach Listener" daemon [_thread_blocked, id=2280]
  0x02b75400 JavaThread "Signal Dispatcher" daemon [_thread_blocked, id=932]
  0x02b46c00 JavaThread "Finalizer" daemon [_thread_blocked, id=1252]
  0x02b42400 JavaThread "Reference Handler" daemon [_thread_blocked, id=5532]
  0x00896000 JavaThread "main" [_thread_in_native, id=5540]

Other Threads:
  0x02b3f400 VMThread [id=5212]
  0x02b69c00 WatcherThread [id=5008]

VM state:not at safepoint (normal execution)

VM Mutex/Monitor currently owned by a thread: None

Heap
 def new generation   total 960K, used 305K [0x22950000, 0x22a50000, 0x22e30000)
  eden space 896K,  34% used [0x22950000, 0x2299c7e0, 0x22a30000)
  from space 64K,   0% used [0x22a30000, 0x22a30000, 0x22a40000)
  to   space 64K,   0% used [0x22a40000, 0x22a40000, 0x22a50000)
 tenured generation   total 4096K, used 0K [0x22e30000, 0x23230000, 0x26950000)
   the space 4096K,   0% used [0x22e30000, 0x22e30000, 0x22e30200, 0x23230000)
 compacting perm gen  total 12288K, used 2327K [0x26950000, 0x27550000, 0x2a950000)
   the space 12288K,  18% used [0x26950000, 0x26b95e28, 0x26b96000, 0x27550000)
No shared spaces configured.

Dynamic libraries:
0x00400000 - 0x00423000 	C:\Program Files\Java\jre1.6.0_01\bin\javaw.exe
0x7c900000 - 0x7c9b0000 	C:\WINDOWS\system32\ntdll.dll
0x7c800000 - 0x7c8f4000 	C:\WINDOWS\system32\kernel32.dll
0x77dd0000 - 0x77e6b000 	C:\WINDOWS\system32\ADVAPI32.dll
0x77e70000 - 0x77f01000 	C:\WINDOWS\system32\RPCRT4.dll
0x77d40000 - 0x77dd0000 	C:\WINDOWS\system32\USER32.dll
0x77f10000 - 0x77f56000 	C:\WINDOWS\system32\GDI32.dll
0x76390000 - 0x763ad000 	C:\WINDOWS\system32\IMM32.DLL
0x629c0000 - 0x629c9000 	C:\WINDOWS\system32\LPK.DLL
0x74d90000 - 0x74dfb000 	C:\WINDOWS\system32\USP10.dll
0x77c10000 - 0x77c68000 	C:\WINDOWS\system32\msvcrt.dll
0x10000000 - 0x10036000 	C:\WINDOWS\system32\sockspy.dll
0x7c340000 - 0x7c396000 	C:\Program Files\Java\jre1.6.0_01\bin\msvcr71.dll
0x6d7c0000 - 0x6da07000 	C:\Program Files\Java\jre1.6.0_01\bin\client\jvm.dll
0x76b40000 - 0x76b6d000 	C:\WINDOWS\system32\WINMM.dll
0x6d310000 - 0x6d318000 	C:\Program Files\Java\jre1.6.0_01\bin\hpi.dll
0x76bf0000 - 0x76bfb000 	C:\WINDOWS\system32\PSAPI.DLL
0x6d770000 - 0x6d77c000 	C:\Program Files\Java\jre1.6.0_01\bin\verify.dll
0x6d3b0000 - 0x6d3cf000 	C:\Program Files\Java\jre1.6.0_01\bin\java.dll
0x6d7b0000 - 0x6d7bf000 	C:\Program Files\Java\jre1.6.0_01\bin\zip.dll
0x6d000000 - 0x6d1c3000 	C:\Program Files\Java\jre1.6.0_01\bin\awt.dll
0x73000000 - 0x73026000 	C:\WINDOWS\system32\WINSPOOL.DRV
0x774e0000 - 0x7761c000 	C:\WINDOWS\system32\ole32.dll

VM Arguments:
java_command: main.spriteStudioMain
Launcher Type: SUN_STANDARD

Environment Variables:



---------------  S Y S T E M  ---------------

OS: Windows XP Build 2600 Service Pack 2

CPU:total 1 family 15, cmov, cx8, fxsr, mmx, sse, sse2

Memory: 4k page, physical 785904k(63024k free), swap 2215992k(5120k free)

vm_info: Java HotSpot(TM) Client VM (1.6.0_01-b06) for windows-x86, built on Mar 14 2007 00:24:02 by "java_re" with unknown MS VC++:1310

